<?xml version="1.0" encoding="UTF-8"?>
<testsuite name="rogue.RogueClassTests" tests="6" skipped="0" failures="0" errors="0" timestamp="2022-11-21T21:44:51" hostname="DESKTOP-TJ502GR" time="0.008">
  <properties/>
  <testcase name="testGetNextDisplay_withMakeMove_valid_down" classname="rogue.RogueClassTests" time="0.002"/>
  <testcase name="testGetNextDisplay_withMakeMove_invalid_hitWall" classname="rogue.RogueClassTests" time="0.002"/>
  <testcase name="testGetNextDisplay_startingRoom" classname="rogue.RogueClassTests" time="0.001"/>
  <testcase name="testItems_GetterSetter" classname="rogue.RogueClassTests" time="0.001"/>
  <testcase name="testRooms_GetterSetter" classname="rogue.RogueClassTests" time="0.001"/>
  <testcase name="testPlayer_GetterSetter" classname="rogue.RogueClassTests" time="0.0"/>
  <system-out><![CDATA[]]></system-out>
  <system-err><![CDATA[]]></system-err>
</testsuite>
