<?xml version="1.0" encoding="UTF-8"?>
<testsuite name="rogue.ItemClassTests" tests="7" skipped="0" failures="0" errors="0" timestamp="2022-11-21T21:44:51" hostname="DESKTOP-TJ502GR" time="0.002">
  <properties/>
  <testcase name="testId_GetterSetter" classname="rogue.ItemClassTests" time="0.001"/>
  <testcase name="testName_GetterSetter" classname="rogue.ItemClassTests" time="0.0"/>
  <testcase name="testType_GetterSetter" classname="rogue.ItemClassTests" time="0.001"/>
  <testcase name="testDisplayCharacter_GetterSetter" classname="rogue.ItemClassTests" time="0.0"/>
  <testcase name="testDescription_GetterSetter" classname="rogue.ItemClassTests" time="0.0"/>
  <testcase name="testXYLocation_GetterSetter" classname="rogue.ItemClassTests" time="0.0"/>
  <testcase name="testCurrentRoom_GetterSetter" classname="rogue.ItemClassTests" time="0.0"/>
  <system-out><![CDATA[]]></system-out>
  <system-err><![CDATA[]]></system-err>
</testsuite>
