<?xml version="1.0" encoding="UTF-8"?>
<testsuite name="rogue.DoorClassTests" tests="2" skipped="0" failures="0" errors="0" timestamp="2022-11-21T21:44:51" hostname="DESKTOP-TJ502GR" time="0.004">
  <properties/>
  <testcase name="testConnectRoomAndGetConnectedRooms" classname="rogue.DoorClassTests" time="0.004"/>
  <testcase name="testGetOtherRoom" classname="rogue.DoorClassTests" time="0.0"/>
  <system-out><![CDATA[]]></system-out>
  <system-err><![CDATA[]]></system-err>
</testsuite>
